<?xml version="1.0" encoding="UTF-8"?>
<testng-results skipped="0" failed="0" ignored="0" total="1" passed="1">
  <reporter-output>
  </reporter-output>
  <suite name="Default suite" duration-ms="25137" started-at="2020-07-07T22:08:46 IST" finished-at="2020-07-07T22:09:12 IST">
    <groups>
    </groups>
    <test name="Default test" duration-ms="25137" started-at="2020-07-07T22:08:46 IST" finished-at="2020-07-07T22:09:12 IST">
      <class name="GreedyTest.Testclass">
        <test-method status="PASS" signature="TestCases()[pri:0, instance:GreedyTest.Testclass@4493d195]" name="TestCases" duration-ms="25020" started-at="2020-07-07T22:08:46 IST" finished-at="2020-07-07T22:09:12 IST">
          <reporter-output>
          </reporter-output>
        </test-method> <!-- TestCases -->
        <test-method status="PASS" signature="Score()[pri:0, instance:GreedyTest.Testclass@4493d195]" name="Score" is-config="true" duration-ms="47" started-at="2020-07-07T22:09:12 IST" finished-at="2020-07-07T22:09:12 IST">
          <reporter-output>
          </reporter-output>
        </test-method> <!-- Score -->
      </class> <!-- GreedyTest.Testclass -->
    </test> <!-- Default test -->
  </suite> <!-- Default suite -->
</testng-results>
